{
  "RSpec": {
    "coverage": {
      "/Users/alanbsmith/turing_projects/get_ahead/app/helpers/application_helper.rb": [
        1,
        null
      ],
      "/Users/alanbsmith/turing_projects/get_ahead/app/helpers/favorites_helper.rb": [
        1,
        null
      ],
      "/Users/alanbsmith/turing_projects/get_ahead/app/helpers/programs_helper.rb": [
        1,
        null,
        1,
        2,
        null,
        null
      ],
      "/Users/alanbsmith/turing_projects/get_ahead/app/helpers/sessions_helper.rb": [
        1,
        null,
        1,
        0,
        0,
        null,
        0,
        0,
        null,
        null,
        null,
        1,
        0,
        null,
        null,
        1,
        0,
        null,
        null
      ],
      "/Users/alanbsmith/turing_projects/get_ahead/app/helpers/static_pages_helper.rb": [
        1,
        null
      ],
      "/Users/alanbsmith/turing_projects/get_ahead/app/helpers/users_helper.rb": [
        1,
        null,
        null
      ],
      "/Users/alanbsmith/turing_projects/get_ahead/app/controllers/favorites_controller.rb": [
        1,
        1,
        null,
        1,
        1,
        null,
        null,
        1,
        null,
        null,
        1,
        1,
        1,
        1,
        0,
        0,
        null,
        1,
        null,
        null,
        1,
        0,
        0,
        0,
        null,
        null,
        1,
        null,
        1,
        0,
        null,
        null
      ],
      "/Users/alanbsmith/turing_projects/get_ahead/app/controllers/application_controller.rb": [
        1,
        null,
        null,
        1,
        null,
        1,
        null,
        1,
        10,
        null,
        1,
        null,
        1,
        9,
        null,
        null,
        1,
        null,
        1,
        5,
        3,
        null,
        null,
        1,
        2,
        2,
        2,
        2,
        null,
        null,
        null
      ],
      "/Users/alanbsmith/turing_projects/get_ahead/app/controllers/users_controller.rb": [
        1,
        null
      ],
      "/Users/alanbsmith/turing_projects/get_ahead/app/mailers/user_notifier.rb": [
        1,
        null,
        1,
        null,
        1,
        0,
        0,
        null,
        null,
        null,
        null,
        null,
        1,
        0,
        null,
        null,
        null
      ],
      "/Users/alanbsmith/turing_projects/get_ahead/app/models/favorite_program.rb": [
        1,
        1,
        1,
        1,
        null
      ],
      "/Users/alanbsmith/turing_projects/get_ahead/app/models/user.rb": [
        1,
        null,
        1,
        0,
        0,
        0,
        0,
        0,
        0,
        null,
        null,
        null
      ],
      "/Users/alanbsmith/turing_projects/get_ahead/app/models/program.rb": [
        1,
        null,
        1,
        1,
        null,
        null
      ],
      "/Users/alanbsmith/turing_projects/get_ahead/app/controllers/programs_controller.rb": [
        1,
        1,
        null,
        1,
        0,
        null,
        null,
        1,
        0,
        null,
        0,
        0,
        null,
        0,
        null,
        null,
        null,
        1,
        null,
        2,
        2,
        2,
        2,
        null,
        null,
        null,
        1,
        3,
        3,
        3,
        null,
        null,
        1,
        0,
        0,
        0,
        null,
        null,
        1,
        null,
        1,
        0,
        null,
        null,
        null,
        null,
        null,
        null,
        null,
        null,
        null,
        null,
        null,
        null,
        null,
        null,
        null,
        null,
        null,
        null
      ],
      "/Users/alanbsmith/turing_projects/get_ahead/app/models/favorite.rb": [
        1,
        1,
        1,
        1,
        null,
        1,
        0,
        null,
        null,
        1,
        0,
        null,
        null,
        1,
        0,
        null,
        null
      ],
      "/Users/alanbsmith/turing_projects/get_ahead/app/models/notification.rb": [
        1,
        null,
        1,
        1,
        1,
        null
      ]
    },
    "timestamp": 1413149469
  }
}
